0 info it worked if it ends with ok
1 verbose cli [ '/usr/local/bin/node', '/usr/local/bin/npm', 'publish' ]
2 info using npm@1.3.8
3 info using node@v0.10.17
4 verbose node symlink /usr/local/bin/node
5 verbose publish [ '.' ]
6 verbose cache add [ '.', null ]
7 verbose cache add name=undefined spec="." args=[".",null]
8 verbose parsed url { protocol: null,
8 verbose parsed url   slashes: null,
8 verbose parsed url   auth: null,
8 verbose parsed url   host: null,
8 verbose parsed url   port: null,
8 verbose parsed url   hostname: null,
8 verbose parsed url   hash: null,
8 verbose parsed url   search: null,
8 verbose parsed url   query: null,
8 verbose parsed url   pathname: '.',
8 verbose parsed url   path: '.',
8 verbose parsed url   href: '.' }
9 silly lockFile 3a52ce78- .
10 verbose lock . /Users/Apple/.npm/3a52ce78-.lock
11 verbose tar pack [ '/var/folders/df/04cdpyr97xs29k5_6ht188tm0000gn/T/npm-24188-8X9NVMuu/1393863285162-0.8728177684824914/tmp.tgz',
11 verbose tar pack   '.' ]
12 verbose tarball /var/folders/df/04cdpyr97xs29k5_6ht188tm0000gn/T/npm-24188-8X9NVMuu/1393863285162-0.8728177684824914/tmp.tgz
13 verbose folder .
14 silly lockFile 1f1177db-tar tar://.
15 verbose lock tar://. /Users/Apple/.npm/1f1177db-tar.lock
16 silly lockFile bffbfba3-85162-0-8728177684824914-tmp-tgz tar:///var/folders/df/04cdpyr97xs29k5_6ht188tm0000gn/T/npm-24188-8X9NVMuu/1393863285162-0.8728177684824914/tmp.tgz
17 verbose lock tar:///var/folders/df/04cdpyr97xs29k5_6ht188tm0000gn/T/npm-24188-8X9NVMuu/1393863285162-0.8728177684824914/tmp.tgz /Users/Apple/.npm/bffbfba3-85162-0-8728177684824914-tmp-tgz.lock
18 silly lockFile 1f1177db-tar tar://.
19 silly lockFile 1f1177db-tar tar://.
20 silly lockFile bffbfba3-85162-0-8728177684824914-tmp-tgz tar:///var/folders/df/04cdpyr97xs29k5_6ht188tm0000gn/T/npm-24188-8X9NVMuu/1393863285162-0.8728177684824914/tmp.tgz
21 silly lockFile bffbfba3-85162-0-8728177684824914-tmp-tgz tar:///var/folders/df/04cdpyr97xs29k5_6ht188tm0000gn/T/npm-24188-8X9NVMuu/1393863285162-0.8728177684824914/tmp.tgz
22 verbose tar unpack /var/folders/df/04cdpyr97xs29k5_6ht188tm0000gn/T/npm-24188-8X9NVMuu/1393863285162-0.8728177684824914/tmp.tgz
23 silly lockFile 2f69798c-85162-0-8728177684824914-package tar:///var/folders/df/04cdpyr97xs29k5_6ht188tm0000gn/T/npm-24188-8X9NVMuu/1393863285162-0.8728177684824914/package
24 verbose lock tar:///var/folders/df/04cdpyr97xs29k5_6ht188tm0000gn/T/npm-24188-8X9NVMuu/1393863285162-0.8728177684824914/package /Users/Apple/.npm/2f69798c-85162-0-8728177684824914-package.lock
25 silly lockFile bffbfba3-85162-0-8728177684824914-tmp-tgz tar:///var/folders/df/04cdpyr97xs29k5_6ht188tm0000gn/T/npm-24188-8X9NVMuu/1393863285162-0.8728177684824914/tmp.tgz
26 verbose lock tar:///var/folders/df/04cdpyr97xs29k5_6ht188tm0000gn/T/npm-24188-8X9NVMuu/1393863285162-0.8728177684824914/tmp.tgz /Users/Apple/.npm/bffbfba3-85162-0-8728177684824914-tmp-tgz.lock
27 silly gunzTarPerm modes [ '755', '644' ]
28 silly gunzTarPerm extractEntry package.json
29 silly gunzTarPerm extractEntry .npmignore
30 silly gunzTarPerm extractEntry README.md
31 silly gunzTarPerm extractEntry app.js
32 silly gunzTarPerm extractEntry config.js
33 silly gunzTarPerm extractEntry controller.js
34 silly gunzTarPerm extractEntry twitter_update_with_media.js
35 silly gunzTarPerm extractEntry bin/atom/http.py
36 silly gunzTarPerm modified mode [ 'bin/atom/http.py', 416, 420 ]
37 silly gunzTarPerm extractEntry bin/atom/__init__.py
38 silly gunzTarPerm modified mode [ 'bin/atom/__init__.py', 488, 492 ]
39 silly gunzTarPerm extractEntry bin/atom/auth.py
40 silly gunzTarPerm modified mode [ 'bin/atom/auth.py', 416, 420 ]
41 silly gunzTarPerm extractEntry bin/atom/client.py
42 silly gunzTarPerm modified mode [ 'bin/atom/client.py', 488, 492 ]
43 silly gunzTarPerm extractEntry bin/atom/client.pyc
44 silly gunzTarPerm modified mode [ 'bin/atom/client.pyc', 416, 420 ]
45 silly gunzTarPerm extractEntry bin/atom/core.py
46 silly gunzTarPerm modified mode [ 'bin/atom/core.py', 416, 420 ]
47 silly gunzTarPerm extractEntry bin/atom/core.pyc
48 silly gunzTarPerm modified mode [ 'bin/atom/core.pyc', 416, 420 ]
49 silly gunzTarPerm extractEntry bin/atom/data.py
50 silly gunzTarPerm modified mode [ 'bin/atom/data.py', 416, 420 ]
51 silly gunzTarPerm extractEntry bin/atom/data.pyc
52 silly gunzTarPerm modified mode [ 'bin/atom/data.pyc', 416, 420 ]
53 silly gunzTarPerm extractEntry bin/atom/__init__.pyc
54 silly gunzTarPerm modified mode [ 'bin/atom/__init__.pyc', 416, 420 ]
55 silly gunzTarPerm extractEntry bin/atom/http_core.py
56 silly gunzTarPerm modified mode [ 'bin/atom/http_core.py', 416, 420 ]
57 silly gunzTarPerm extractEntry bin/atom/http_core.pyc
58 silly gunzTarPerm modified mode [ 'bin/atom/http_core.pyc', 416, 420 ]
59 silly gunzTarPerm extractEntry bin/atom/http_interface.py
60 silly gunzTarPerm modified mode [ 'bin/atom/http_interface.py', 416, 420 ]
61 silly gunzTarPerm extractEntry bin/atom/mock_http.py
62 silly gunzTarPerm modified mode [ 'bin/atom/mock_http.py', 416, 420 ]
63 silly gunzTarPerm extractEntry bin/atom/mock_http_core.py
64 silly gunzTarPerm modified mode [ 'bin/atom/mock_http_core.py', 416, 420 ]
65 silly gunzTarPerm extractEntry bin/atom/mock_service.py
66 silly gunzTarPerm modified mode [ 'bin/atom/mock_service.py', 488, 492 ]
67 silly gunzTarPerm extractEntry bin/atom/service.py
68 silly gunzTarPerm modified mode [ 'bin/atom/service.py', 488, 492 ]
69 silly gunzTarPerm extractEntry bin/atom/token_store.py
70 silly gunzTarPerm modified mode [ 'bin/atom/token_store.py', 416, 420 ]
71 silly gunzTarPerm extractEntry bin/atom/url.py
72 silly gunzTarPerm modified mode [ 'bin/atom/url.py', 416, 420 ]
73 silly gunzTarPerm extractEntry bin/gdata/exif/__init__.py
74 silly gunzTarPerm modified mode [ 'bin/gdata/exif/__init__.py', 416, 420 ]
75 silly gunzTarPerm extractEntry bin/gdata/Crypto/Cipher/DES.pyd
76 silly gunzTarPerm modified mode [ 'bin/gdata/Crypto/Cipher/DES.pyd', 488, 492 ]
77 silly gunzTarPerm extractEntry bin/gdata/Crypto/Cipher/AES.pyd
78 silly gunzTarPerm modified mode [ 'bin/gdata/Crypto/Cipher/AES.pyd', 488, 492 ]
79 silly gunzTarPerm extractEntry bin/gdata/Crypto/Cipher/ARC4.pyd
80 silly gunzTarPerm modified mode [ 'bin/gdata/Crypto/Cipher/ARC4.pyd', 488, 492 ]
81 silly gunzTarPerm extractEntry bin/gdata/Crypto/Cipher/Blowfish.pyd
82 silly gunzTarPerm modified mode [ 'bin/gdata/Crypto/Cipher/Blowfish.pyd', 488, 492 ]
83 silly gunzTarPerm extractEntry bin/gdata/Crypto/Cipher/CAST.pyd
84 silly gunzTarPerm modified mode [ 'bin/gdata/Crypto/Cipher/CAST.pyd', 488, 492 ]
85 silly gunzTarPerm extractEntry bin/gdata/Crypto/Cipher/ARC2.pyd
86 silly gunzTarPerm modified mode [ 'bin/gdata/Crypto/Cipher/ARC2.pyd', 488, 492 ]
87 silly gunzTarPerm extractEntry bin/gdata/Crypto/Cipher/DES3.pyd
88 silly gunzTarPerm modified mode [ 'bin/gdata/Crypto/Cipher/DES3.pyd', 488, 492 ]
89 silly gunzTarPerm extractEntry bin/gdata/Crypto/Cipher/IDEA.pyd
90 silly gunzTarPerm modified mode [ 'bin/gdata/Crypto/Cipher/IDEA.pyd', 488, 492 ]
91 silly gunzTarPerm extractEntry bin/gdata/Crypto/Cipher/RC5.pyd
92 silly gunzTarPerm modified mode [ 'bin/gdata/Crypto/Cipher/RC5.pyd', 488, 492 ]
93 silly gunzTarPerm extractEntry bin/gdata/Crypto/Cipher/XOR.pyd
94 silly gunzTarPerm modified mode [ 'bin/gdata/Crypto/Cipher/XOR.pyd', 488, 492 ]
95 silly gunzTarPerm extractEntry bin/gdata/Crypto/Cipher/__init__.py
96 silly gunzTarPerm modified mode [ 'bin/gdata/Crypto/Cipher/__init__.py', 488, 492 ]
97 silly gunzTarPerm extractEntry bin/gdata/Crypto/Hash/HMAC.py
98 silly gunzTarPerm modified mode [ 'bin/gdata/Crypto/Hash/HMAC.py', 488, 492 ]
99 silly gunzTarPerm extractEntry bin/gdata/Crypto/Hash/MD2.pyd
100 silly gunzTarPerm modified mode [ 'bin/gdata/Crypto/Hash/MD2.pyd', 488, 492 ]
101 silly gunzTarPerm extractEntry bin/gdata/Crypto/Hash/MD4.pyd
102 silly gunzTarPerm modified mode [ 'bin/gdata/Crypto/Hash/MD4.pyd', 488, 492 ]
103 silly gunzTarPerm extractEntry bin/gdata/Crypto/Hash/MD5.py
104 silly gunzTarPerm modified mode [ 'bin/gdata/Crypto/Hash/MD5.py', 488, 492 ]
105 silly gunzTarPerm extractEntry bin/gdata/Crypto/Hash/RIPEMD.pyd
106 silly gunzTarPerm modified mode [ 'bin/gdata/Crypto/Hash/RIPEMD.pyd', 488, 492 ]
107 silly gunzTarPerm extractEntry bin/gdata/Crypto/Hash/SHA.py
108 silly gunzTarPerm modified mode [ 'bin/gdata/Crypto/Hash/SHA.py', 488, 492 ]
109 silly gunzTarPerm extractEntry bin/gdata/Crypto/Hash/SHA256.pyd
110 silly gunzTarPerm modified mode [ 'bin/gdata/Crypto/Hash/SHA256.pyd', 488, 492 ]
111 silly gunzTarPerm extractEntry bin/gdata/Crypto/Hash/__init__.py
112 silly gunzTarPerm modified mode [ 'bin/gdata/Crypto/Hash/__init__.py', 488, 492 ]
113 silly gunzTarPerm extractEntry bin/gdata/Crypto/Protocol/AllOrNothing.py
114 silly gunzTarPerm modified mode [ 'bin/gdata/Crypto/Protocol/AllOrNothing.py', 488, 492 ]
115 silly gunzTarPerm extractEntry bin/gdata/Crypto/Protocol/Chaffing.py
116 silly gunzTarPerm modified mode [ 'bin/gdata/Crypto/Protocol/Chaffing.py', 488, 492 ]
117 silly gunzTarPerm extractEntry bin/gdata/Crypto/Protocol/__init__.py
118 silly gunzTarPerm modified mode [ 'bin/gdata/Crypto/Protocol/__init__.py', 488, 492 ]
119 silly gunzTarPerm extractEntry bin/gdata/Crypto/PublicKey/DSA.py
120 silly gunzTarPerm modified mode [ 'bin/gdata/Crypto/PublicKey/DSA.py', 488, 492 ]
121 silly gunzTarPerm extractEntry bin/gdata/Crypto/PublicKey/ElGamal.py
122 silly gunzTarPerm modified mode [ 'bin/gdata/Crypto/PublicKey/ElGamal.py', 488, 492 ]
123 silly gunzTarPerm extractEntry bin/gdata/Crypto/PublicKey/RSA.py
124 silly gunzTarPerm modified mode [ 'bin/gdata/Crypto/PublicKey/RSA.py', 488, 492 ]
125 silly gunzTarPerm extractEntry bin/gdata/Crypto/PublicKey/__init__.py
126 silly gunzTarPerm modified mode [ 'bin/gdata/Crypto/PublicKey/__init__.py', 488, 492 ]
127 silly gunzTarPerm extractEntry bin/gdata/Crypto/PublicKey/pubkey.py
128 silly gunzTarPerm modified mode [ 'bin/gdata/Crypto/PublicKey/pubkey.py', 488, 492 ]
129 silly gunzTarPerm extractEntry bin/gdata/Crypto/PublicKey/qNEW.py
130 silly gunzTarPerm modified mode [ 'bin/gdata/Crypto/PublicKey/qNEW.py', 488, 492 ]
131 silly gunzTarPerm extractEntry bin/gdata/Crypto/Util/RFC1751.py
132 silly gunzTarPerm modified mode [ 'bin/gdata/Crypto/Util/RFC1751.py', 488, 492 ]
133 silly gunzTarPerm extractEntry bin/gdata/Crypto/Util/__init__.py
134 silly gunzTarPerm modified mode [ 'bin/gdata/Crypto/Util/__init__.py', 488, 492 ]
135 silly gunzTarPerm extractEntry bin/gdata/Crypto/Util/number.py
136 silly gunzTarPerm modified mode [ 'bin/gdata/Crypto/Util/number.py', 488, 492 ]
137 silly gunzTarPerm extractEntry bin/gdata/Crypto/Util/randpool.py
138 silly gunzTarPerm modified mode [ 'bin/gdata/Crypto/Util/randpool.py', 488, 492 ]
139 silly gunzTarPerm extractEntry bin/gdata/Crypto/Util/test.py
140 silly gunzTarPerm modified mode [ 'bin/gdata/Crypto/Util/test.py', 488, 492 ]
141 silly gunzTarPerm extractEntry bin/gdata/Crypto/__init__.py
142 silly gunzTarPerm modified mode [ 'bin/gdata/Crypto/__init__.py', 488, 492 ]
143 silly gunzTarPerm extractEntry bin/gdata/Crypto/test.py
144 silly gunzTarPerm modified mode [ 'bin/gdata/Crypto/test.py', 488, 492 ]
145 silly gunzTarPerm extractEntry bin/gdata/__init__.pyc
146 silly gunzTarPerm modified mode [ 'bin/gdata/__init__.pyc', 416, 420 ]
147 silly gunzTarPerm extractEntry bin/gdata/acl/__init__.py
148 silly gunzTarPerm modified mode [ 'bin/gdata/acl/__init__.py', 416, 420 ]
149 silly gunzTarPerm extractEntry bin/gdata/acl/__init__.pyc
150 silly gunzTarPerm modified mode [ 'bin/gdata/acl/__init__.pyc', 416, 420 ]
151 silly gunzTarPerm extractEntry bin/gdata/acl/data.py
152 silly gunzTarPerm modified mode [ 'bin/gdata/acl/data.py', 416, 420 ]
153 silly gunzTarPerm extractEntry bin/gdata/acl/data.pyc
154 silly gunzTarPerm modified mode [ 'bin/gdata/acl/data.pyc', 416, 420 ]
155 silly gunzTarPerm extractEntry bin/gdata/alt/__init__.py
156 silly gunzTarPerm modified mode [ 'bin/gdata/alt/__init__.py', 416, 420 ]
157 silly gunzTarPerm extractEntry bin/gdata/alt/app_engine.py
158 silly gunzTarPerm modified mode [ 'bin/gdata/alt/app_engine.py', 416, 420 ]
159 silly gunzTarPerm extractEntry bin/gdata/alt/appengine.py
160 silly gunzTarPerm modified mode [ 'bin/gdata/alt/appengine.py', 416, 420 ]
161 silly gunzTarPerm extractEntry bin/gdata/analytics/__init__.py
162 silly gunzTarPerm modified mode [ 'bin/gdata/analytics/__init__.py', 416, 420 ]
163 silly gunzTarPerm extractEntry bin/gdata/analytics/client.py
164 silly gunzTarPerm modified mode [ 'bin/gdata/analytics/client.py', 488, 492 ]
165 silly gunzTarPerm extractEntry bin/gdata/analytics/data.py
166 silly gunzTarPerm modified mode [ 'bin/gdata/analytics/data.py', 488, 492 ]
167 silly gunzTarPerm extractEntry bin/gdata/analytics/service.py
168 silly gunzTarPerm modified mode [ 'bin/gdata/analytics/service.py', 416, 420 ]
169 silly gunzTarPerm extractEntry bin/gdata/apps/emailsettings/__init__.py
170 silly gunzTarPerm modified mode [ 'bin/gdata/apps/emailsettings/__init__.py', 416, 420 ]
171 silly gunzTarPerm extractEntry bin/gdata/apps/emailsettings/client.py
172 silly gunzTarPerm modified mode [ 'bin/gdata/apps/emailsettings/client.py', 416, 420 ]
173 silly gunzTarPerm extractEntry bin/gdata/apps/emailsettings/data.py
174 silly gunzTarPerm modified mode [ 'bin/gdata/apps/emailsettings/data.py', 416, 420 ]
175 silly gunzTarPerm extractEntry bin/gdata/apps/emailsettings/service.py
176 silly gunzTarPerm modified mode [ 'bin/gdata/apps/emailsettings/service.py', 416, 420 ]
177 silly gunzTarPerm extractEntry bin/gdata/apps/__init__.py
178 silly gunzTarPerm modified mode [ 'bin/gdata/apps/__init__.py', 416, 420 ]
179 silly gunzTarPerm extractEntry bin/gdata/apps/apps_property_entry.py
180 silly gunzTarPerm modified mode [ 'bin/gdata/apps/apps_property_entry.py', 416, 420 ]
181 silly gunzTarPerm extractEntry bin/gdata/apps/audit/__init__.py
182 silly gunzTarPerm modified mode [ 'bin/gdata/apps/audit/__init__.py', 416, 420 ]
183 silly gunzTarPerm extractEntry bin/gdata/apps/audit/service.py
184 silly gunzTarPerm modified mode [ 'bin/gdata/apps/audit/service.py', 416, 420 ]
185 silly gunzTarPerm extractEntry bin/gdata/apps/client.py
186 silly gunzTarPerm modified mode [ 'bin/gdata/apps/client.py', 488, 492 ]
187 silly gunzTarPerm extractEntry bin/gdata/apps/data.py
188 silly gunzTarPerm modified mode [ 'bin/gdata/apps/data.py', 416, 420 ]
189 silly gunzTarPerm extractEntry bin/gdata/apps/adminsettings/__init__.py
190 silly gunzTarPerm modified mode [ 'bin/gdata/apps/adminsettings/__init__.py', 416, 420 ]
191 silly gunzTarPerm extractEntry bin/gdata/apps/adminsettings/service.py
192 silly gunzTarPerm modified mode [ 'bin/gdata/apps/adminsettings/service.py', 416, 420 ]
193 silly gunzTarPerm extractEntry bin/gdata/apps/groups/__init__.py
194 silly gunzTarPerm modified mode [ 'bin/gdata/apps/groups/__init__.py', 416, 420 ]
195 silly gunzTarPerm extractEntry bin/gdata/apps/groups/client.py
196 silly gunzTarPerm modified mode [ 'bin/gdata/apps/groups/client.py', 416, 420 ]
197 silly gunzTarPerm extractEntry bin/gdata/apps/groups/data.py
198 silly gunzTarPerm modified mode [ 'bin/gdata/apps/groups/data.py', 416, 420 ]
199 silly gunzTarPerm extractEntry bin/gdata/apps/groups/service.py
200 silly gunzTarPerm modified mode [ 'bin/gdata/apps/groups/service.py', 416, 420 ]
201 silly gunzTarPerm extractEntry bin/gdata/apps/migration/__init__.py
202 silly gunzTarPerm modified mode [ 'bin/gdata/apps/migration/__init__.py', 416, 420 ]
203 silly gunzTarPerm extractEntry bin/gdata/apps/migration/service.py
204 silly gunzTarPerm modified mode [ 'bin/gdata/apps/migration/service.py', 416, 420 ]
205 silly gunzTarPerm extractEntry bin/gdata/apps/multidomain/__init__.py
206 silly gunzTarPerm modified mode [ 'bin/gdata/apps/multidomain/__init__.py', 488, 492 ]
207 silly gunzTarPerm extractEntry bin/gdata/apps/multidomain/client.py
208 silly gunzTarPerm modified mode [ 'bin/gdata/apps/multidomain/client.py', 488, 492 ]
209 silly gunzTarPerm extractEntry bin/gdata/apps/multidomain/data.py
210 silly gunzTarPerm modified mode [ 'bin/gdata/apps/multidomain/data.py', 488, 492 ]
211 silly gunzTarPerm extractEntry bin/gdata/apps/organization/__init__.py
212 silly gunzTarPerm modified mode [ 'bin/gdata/apps/organization/__init__.py', 416, 420 ]
213 silly gunzTarPerm extractEntry bin/gdata/apps/organization/client.py
214 silly gunzTarPerm modified mode [ 'bin/gdata/apps/organization/client.py', 416, 420 ]
215 silly gunzTarPerm extractEntry bin/gdata/apps/organization/data.py
216 silly gunzTarPerm modified mode [ 'bin/gdata/apps/organization/data.py', 416, 420 ]
217 silly gunzTarPerm extractEntry bin/gdata/apps/organization/service.py
218 silly gunzTarPerm modified mode [ 'bin/gdata/apps/organization/service.py', 416, 420 ]
219 silly gunzTarPerm extractEntry bin/gdata/apps/service.py
220 silly gunzTarPerm modified mode [ 'bin/gdata/apps/service.py', 416, 420 ]
221 silly gunzTarPerm extractEntry bin/gdata/apps_property.py
222 silly gunzTarPerm modified mode [ 'bin/gdata/apps_property.py', 416, 420 ]
223 silly gunzTarPerm extractEntry bin/gdata/auth.py
224 silly gunzTarPerm modified mode [ 'bin/gdata/auth.py', 416, 420 ]
225 silly gunzTarPerm extractEntry bin/gdata/blogger/__init__.py
226 silly gunzTarPerm modified mode [ 'bin/gdata/blogger/__init__.py', 416, 420 ]
227 silly gunzTarPerm extractEntry bin/gdata/blogger/client.py
228 silly gunzTarPerm modified mode [ 'bin/gdata/blogger/client.py', 416, 420 ]
229 silly gunzTarPerm extractEntry bin/gdata/blogger/data.py
230 silly gunzTarPerm modified mode [ 'bin/gdata/blogger/data.py', 416, 420 ]
231 silly gunzTarPerm extractEntry bin/gdata/blogger/service.py
232 silly gunzTarPerm modified mode [ 'bin/gdata/blogger/service.py', 416, 420 ]
233 silly gunzTarPerm extractEntry bin/gdata/books/__init__.py
234 silly gunzTarPerm modified mode [ 'bin/gdata/books/__init__.py', 416, 420 ]
235 silly gunzTarPerm extractEntry bin/gdata/books/data.py
236 silly gunzTarPerm modified mode [ 'bin/gdata/books/data.py', 416, 420 ]
237 silly gunzTarPerm extractEntry bin/gdata/books/service.py
238 silly gunzTarPerm modified mode [ 'bin/gdata/books/service.py', 416, 420 ]
239 silly gunzTarPerm extractEntry bin/gdata/calendar/__init__.py
240 silly gunzTarPerm modified mode [ 'bin/gdata/calendar/__init__.py', 488, 492 ]
241 silly gunzTarPerm extractEntry bin/gdata/calendar/client.py
242 silly gunzTarPerm modified mode [ 'bin/gdata/calendar/client.py', 488, 492 ]
243 silly gunzTarPerm extractEntry bin/gdata/calendar/data.py
244 silly gunzTarPerm modified mode [ 'bin/gdata/calendar/data.py', 416, 420 ]
245 silly gunzTarPerm extractEntry bin/gdata/calendar/service.py
246 silly gunzTarPerm modified mode [ 'bin/gdata/calendar/service.py', 488, 492 ]
247 silly gunzTarPerm extractEntry bin/gdata/calendar_resource/__init__.py
248 silly gunzTarPerm modified mode [ 'bin/gdata/calendar_resource/__init__.py', 416, 420 ]
249 silly gunzTarPerm extractEntry bin/gdata/calendar_resource/client.py
250 silly gunzTarPerm modified mode [ 'bin/gdata/calendar_resource/client.py', 416, 420 ]
251 silly gunzTarPerm extractEntry bin/gdata/calendar_resource/data.py
252 silly gunzTarPerm modified mode [ 'bin/gdata/calendar_resource/data.py', 416, 420 ]
253 silly gunzTarPerm extractEntry bin/gdata/client.py
254 silly gunzTarPerm modified mode [ 'bin/gdata/client.py', 416, 420 ]
255 silly gunzTarPerm extractEntry bin/gdata/client.pyc
256 silly gunzTarPerm modified mode [ 'bin/gdata/client.pyc', 416, 420 ]
257 silly gunzTarPerm extractEntry bin/gdata/codesearch/__init__.py
258 silly gunzTarPerm modified mode [ 'bin/gdata/codesearch/__init__.py', 416, 420 ]
259 silly gunzTarPerm extractEntry bin/gdata/codesearch/service.py
260 silly gunzTarPerm modified mode [ 'bin/gdata/codesearch/service.py', 416, 420 ]
261 silly gunzTarPerm extractEntry bin/gdata/contacts/__init__.py
262 silly gunzTarPerm modified mode [ 'bin/gdata/contacts/__init__.py', 416, 420 ]
263 silly gunzTarPerm extractEntry bin/gdata/contacts/client.py
264 silly gunzTarPerm modified mode [ 'bin/gdata/contacts/client.py', 416, 420 ]
265 silly gunzTarPerm extractEntry bin/gdata/contacts/data.py
266 silly gunzTarPerm modified mode [ 'bin/gdata/contacts/data.py', 416, 420 ]
267 silly gunzTarPerm extractEntry bin/gdata/contacts/service.py
268 silly gunzTarPerm modified mode [ 'bin/gdata/contacts/service.py', 416, 420 ]
269 silly gunzTarPerm extractEntry bin/gdata/contentforshopping/__init__.py
270 silly gunzTarPerm modified mode [ 'bin/gdata/contentforshopping/__init__.py', 416, 420 ]
271 silly gunzTarPerm extractEntry bin/gdata/contentforshopping/client.py
272 silly gunzTarPerm modified mode [ 'bin/gdata/contentforshopping/client.py', 416, 420 ]
273 silly gunzTarPerm extractEntry bin/gdata/contentforshopping/data.py
274 silly gunzTarPerm modified mode [ 'bin/gdata/contentforshopping/data.py', 416, 420 ]
275 silly gunzTarPerm extractEntry bin/gdata/core.py
276 silly gunzTarPerm modified mode [ 'bin/gdata/core.py', 416, 420 ]
277 silly gunzTarPerm extractEntry bin/gdata/data.py
278 silly gunzTarPerm modified mode [ 'bin/gdata/data.py', 416, 420 ]
279 silly gunzTarPerm extractEntry bin/gdata/data.pyc
280 silly gunzTarPerm modified mode [ 'bin/gdata/data.pyc', 416, 420 ]
281 silly gunzTarPerm extractEntry bin/gdata/docs/__init__.py
282 silly gunzTarPerm modified mode [ 'bin/gdata/docs/__init__.py', 416, 420 ]
283 silly gunzTarPerm extractEntry bin/gdata/docs/__init__.pyc
284 silly gunzTarPerm modified mode [ 'bin/gdata/docs/__init__.pyc', 416, 420 ]
285 silly gunzTarPerm extractEntry bin/gdata/docs/client.py
286 silly gunzTarPerm modified mode [ 'bin/gdata/docs/client.py', 488, 492 ]
287 silly gunzTarPerm extractEntry bin/gdata/docs/client.pyc
288 silly gunzTarPerm modified mode [ 'bin/gdata/docs/client.pyc', 416, 420 ]
289 silly gunzTarPerm extractEntry bin/gdata/docs/data.py
290 silly gunzTarPerm modified mode [ 'bin/gdata/docs/data.py', 488, 492 ]
291 silly gunzTarPerm extractEntry bin/gdata/docs/data.pyc
292 silly gunzTarPerm modified mode [ 'bin/gdata/docs/data.pyc', 416, 420 ]
293 silly gunzTarPerm extractEntry bin/gdata/docs/service.py
294 silly gunzTarPerm modified mode [ 'bin/gdata/docs/service.py', 416, 420 ]
295 silly gunzTarPerm extractEntry bin/gdata/dublincore/__init__.py
296 silly gunzTarPerm modified mode [ 'bin/gdata/dublincore/__init__.py', 416, 420 ]
297 silly gunzTarPerm extractEntry bin/gdata/dublincore/data.py
298 silly gunzTarPerm modified mode [ 'bin/gdata/dublincore/data.py', 416, 420 ]
299 silly gunzTarPerm extractEntry bin/gdata/__init__.py
300 silly gunzTarPerm modified mode [ 'bin/gdata/__init__.py', 488, 492 ]
301 silly gunzTarPerm extractEntry bin/gdata/finance/__init__.py
302 silly gunzTarPerm modified mode [ 'bin/gdata/finance/__init__.py', 416, 420 ]
303 silly gunzTarPerm extractEntry bin/gdata/finance/data.py
304 silly gunzTarPerm modified mode [ 'bin/gdata/finance/data.py', 416, 420 ]
305 silly gunzTarPerm extractEntry bin/gdata/finance/service.py
306 silly gunzTarPerm modified mode [ 'bin/gdata/finance/service.py', 416, 420 ]
307 silly gunzTarPerm extractEntry bin/gdata/gauth.py
308 silly gunzTarPerm modified mode [ 'bin/gdata/gauth.py', 416, 420 ]
309 silly gunzTarPerm extractEntry bin/gdata/gauth.pyc
310 silly gunzTarPerm modified mode [ 'bin/gdata/gauth.pyc', 416, 420 ]
311 silly gunzTarPerm extractEntry bin/gdata/geo/__init__.py
312 silly gunzTarPerm modified mode [ 'bin/gdata/geo/__init__.py', 416, 420 ]
313 silly gunzTarPerm extractEntry bin/gdata/geo/data.py
314 silly gunzTarPerm modified mode [ 'bin/gdata/geo/data.py', 416, 420 ]
315 silly gunzTarPerm extractEntry bin/gdata/health/__init__.py
316 silly gunzTarPerm modified mode [ 'bin/gdata/health/__init__.py', 416, 420 ]
317 silly gunzTarPerm extractEntry bin/gdata/health/service.py
318 silly gunzTarPerm modified mode [ 'bin/gdata/health/service.py', 416, 420 ]
319 silly gunzTarPerm extractEntry bin/gdata/marketplace/__init__.py
320 silly gunzTarPerm modified mode [ 'bin/gdata/marketplace/__init__.py', 416, 420 ]
321 silly gunzTarPerm extractEntry bin/gdata/marketplace/client.py
322 silly gunzTarPerm modified mode [ 'bin/gdata/marketplace/client.py', 416, 420 ]
323 silly gunzTarPerm extractEntry bin/gdata/marketplace/data.py
324 silly gunzTarPerm modified mode [ 'bin/gdata/marketplace/data.py', 416, 420 ]
325 silly gunzTarPerm extractEntry bin/gdata/media/__init__.py
326 silly gunzTarPerm modified mode [ 'bin/gdata/media/__init__.py', 416, 420 ]
327 silly gunzTarPerm extractEntry bin/gdata/media/data.py
328 silly gunzTarPerm modified mode [ 'bin/gdata/media/data.py', 416, 420 ]
329 silly gunzTarPerm extractEntry bin/gdata/notebook/__init__.py
330 silly gunzTarPerm modified mode [ 'bin/gdata/notebook/__init__.py', 416, 420 ]
331 silly gunzTarPerm extractEntry bin/gdata/notebook/data.py
332 silly gunzTarPerm modified mode [ 'bin/gdata/notebook/data.py', 416, 420 ]
333 silly gunzTarPerm extractEntry bin/gdata/oauth/CHANGES.txt
334 silly gunzTarPerm modified mode [ 'bin/gdata/oauth/CHANGES.txt', 488, 492 ]
335 silly gunzTarPerm extractEntry bin/gdata/oauth/__init__.py
336 silly gunzTarPerm modified mode [ 'bin/gdata/oauth/__init__.py', 488, 492 ]
337 silly gunzTarPerm extractEntry bin/gdata/oauth/rsa.py
338 silly gunzTarPerm modified mode [ 'bin/gdata/oauth/rsa.py', 488, 492 ]
339 silly gunzTarPerm extractEntry bin/gdata/opensearch/__init__.py
340 silly gunzTarPerm modified mode [ 'bin/gdata/opensearch/__init__.py', 416, 420 ]
341 silly gunzTarPerm extractEntry bin/gdata/opensearch/__init__.pyc
342 silly gunzTarPerm modified mode [ 'bin/gdata/opensearch/__init__.pyc', 416, 420 ]
343 silly gunzTarPerm extractEntry bin/gdata/opensearch/data.py
344 silly gunzTarPerm modified mode [ 'bin/gdata/opensearch/data.py', 416, 420 ]
345 silly gunzTarPerm extractEntry bin/gdata/opensearch/data.pyc
346 silly gunzTarPerm modified mode [ 'bin/gdata/opensearch/data.pyc', 416, 420 ]
347 silly gunzTarPerm extractEntry bin/gdata/photos/__init__.py
348 silly gunzTarPerm modified mode [ 'bin/gdata/photos/__init__.py', 416, 420 ]
349 silly gunzTarPerm extractEntry bin/gdata/photos/service.py
350 silly gunzTarPerm modified mode [ 'bin/gdata/photos/service.py', 488, 492 ]
351 silly gunzTarPerm extractEntry bin/gdata/projecthosting/__init__.py
352 silly gunzTarPerm modified mode [ 'bin/gdata/projecthosting/__init__.py', 488, 492 ]
353 silly gunzTarPerm extractEntry bin/gdata/projecthosting/client.py
354 silly gunzTarPerm modified mode [ 'bin/gdata/projecthosting/client.py', 488, 492 ]
355 silly gunzTarPerm extractEntry bin/gdata/projecthosting/data.py
356 silly gunzTarPerm modified mode [ 'bin/gdata/projecthosting/data.py', 488, 492 ]
357 silly gunzTarPerm extractEntry bin/gdata/sample_util.py
358 silly gunzTarPerm modified mode [ 'bin/gdata/sample_util.py', 416, 420 ]
359 silly gunzTarPerm extractEntry bin/gdata/service.py
360 silly gunzTarPerm modified mode [ 'bin/gdata/service.py', 488, 492 ]
361 silly gunzTarPerm extractEntry bin/gdata/sites/__init__.py
362 silly gunzTarPerm modified mode [ 'bin/gdata/sites/__init__.py', 488, 492 ]
363 silly gunzTarPerm extractEntry bin/gdata/sites/client.py
364 silly gunzTarPerm modified mode [ 'bin/gdata/sites/client.py', 488, 492 ]
365 silly gunzTarPerm extractEntry bin/gdata/sites/data.py
366 silly gunzTarPerm modified mode [ 'bin/gdata/sites/data.py', 416, 420 ]
367 silly gunzTarPerm extractEntry bin/gdata/spreadsheet/__init__.py
368 silly gunzTarPerm modified mode [ 'bin/gdata/spreadsheet/__init__.py', 488, 492 ]
369 silly gunzTarPerm extractEntry bin/gdata/spreadsheet/service.py
370 silly gunzTarPerm modified mode [ 'bin/gdata/spreadsheet/service.py', 488, 492 ]
371 silly gunzTarPerm extractEntry bin/gdata/spreadsheet/text_db.py
372 silly gunzTarPerm modified mode [ 'bin/gdata/spreadsheet/text_db.py', 416, 420 ]
373 silly gunzTarPerm extractEntry bin/gdata/spreadsheets/__init__.py
374 silly gunzTarPerm modified mode [ 'bin/gdata/spreadsheets/__init__.py', 416, 420 ]
375 silly gunzTarPerm extractEntry bin/gdata/spreadsheets/client.py
376 silly gunzTarPerm modified mode [ 'bin/gdata/spreadsheets/client.py', 416, 420 ]
377 silly gunzTarPerm extractEntry bin/gdata/spreadsheets/data.py
378 silly gunzTarPerm modified mode [ 'bin/gdata/spreadsheets/data.py', 416, 420 ]
379 silly gunzTarPerm extractEntry bin/gdata/test_config.py
380 silly gunzTarPerm modified mode [ 'bin/gdata/test_config.py', 416, 420 ]
381 silly gunzTarPerm extractEntry bin/gdata/test_data.py
382 silly gunzTarPerm modified mode [ 'bin/gdata/test_data.py', 488, 492 ]
383 silly gunzTarPerm extractEntry bin/gdata/tlslite/X509.py
384 silly gunzTarPerm modified mode [ 'bin/gdata/tlslite/X509.py', 488, 492 ]
385 silly gunzTarPerm extractEntry bin/gdata/tlslite/BaseDB.py
386 silly gunzTarPerm modified mode [ 'bin/gdata/tlslite/BaseDB.py', 488, 492 ]
387 silly gunzTarPerm extractEntry bin/gdata/tlslite/FileObject.py
388 silly gunzTarPerm modified mode [ 'bin/gdata/tlslite/FileObject.py', 488, 492 ]
389 silly gunzTarPerm extractEntry bin/gdata/tlslite/HandshakeSettings.py
390 silly gunzTarPerm modified mode [ 'bin/gdata/tlslite/HandshakeSettings.py', 488, 492 ]
391 silly gunzTarPerm extractEntry bin/gdata/tlslite/Session.py
392 silly gunzTarPerm modified mode [ 'bin/gdata/tlslite/Session.py', 488, 492 ]
393 silly gunzTarPerm extractEntry bin/gdata/tlslite/SessionCache.py
394 silly gunzTarPerm modified mode [ 'bin/gdata/tlslite/SessionCache.py', 488, 492 ]
395 silly gunzTarPerm extractEntry bin/gdata/tlslite/SharedKeyDB.py
396 silly gunzTarPerm modified mode [ 'bin/gdata/tlslite/SharedKeyDB.py', 488, 492 ]
397 silly gunzTarPerm extractEntry bin/gdata/tlslite/TLSConnection.py
398 silly gunzTarPerm modified mode [ 'bin/gdata/tlslite/TLSConnection.py', 488, 492 ]
399 silly gunzTarPerm extractEntry bin/gdata/tlslite/TLSRecordLayer.py
400 silly gunzTarPerm modified mode [ 'bin/gdata/tlslite/TLSRecordLayer.py', 488, 492 ]
401 silly gunzTarPerm extractEntry bin/gdata/tlslite/VerifierDB.py
402 silly gunzTarPerm modified mode [ 'bin/gdata/tlslite/VerifierDB.py', 488, 492 ]
403 silly gunzTarPerm extractEntry bin/gdata/tlslite/Checker.py
404 silly gunzTarPerm modified mode [ 'bin/gdata/tlslite/Checker.py', 488, 492 ]
405 silly gunzTarPerm extractEntry bin/gdata/tlslite/X509CertChain.py
406 silly gunzTarPerm modified mode [ 'bin/gdata/tlslite/X509CertChain.py', 488, 492 ]
407 silly gunzTarPerm extractEntry bin/gdata/tlslite/__init__.py
408 silly gunzTarPerm modified mode [ 'bin/gdata/tlslite/__init__.py', 488, 492 ]
409 silly gunzTarPerm extractEntry bin/gdata/tlslite/api.py
410 silly gunzTarPerm modified mode [ 'bin/gdata/tlslite/api.py', 488, 492 ]
411 silly gunzTarPerm extractEntry bin/gdata/tlslite/constants.py
412 silly gunzTarPerm modified mode [ 'bin/gdata/tlslite/constants.py', 488, 492 ]
413 silly gunzTarPerm extractEntry bin/gdata/tlslite/errors.py
414 silly gunzTarPerm modified mode [ 'bin/gdata/tlslite/errors.py', 488, 492 ]
415 silly gunzTarPerm extractEntry bin/gdata/tlslite/integration/SMTP_TLS.py
416 silly gunzTarPerm modified mode [ 'bin/gdata/tlslite/integration/SMTP_TLS.py', 488, 492 ]
417 silly gunzTarPerm extractEntry bin/gdata/tlslite/integration/AsyncStateMachine.py
418 silly gunzTarPerm modified mode [ 'bin/gdata/tlslite/integration/AsyncStateMachine.py',
418 silly gunzTarPerm   488,
418 silly gunzTarPerm   492 ]
419 silly gunzTarPerm extractEntry bin/gdata/tlslite/integration/HTTPTLSConnection.py
420 silly gunzTarPerm modified mode [ 'bin/gdata/tlslite/integration/HTTPTLSConnection.py',
420 silly gunzTarPerm   488,
420 silly gunzTarPerm   492 ]
421 silly gunzTarPerm extractEntry bin/gdata/tlslite/integration/IMAP4_TLS.py
422 silly gunzTarPerm modified mode [ 'bin/gdata/tlslite/integration/IMAP4_TLS.py', 488, 492 ]
423 silly gunzTarPerm extractEntry bin/gdata/tlslite/integration/IntegrationHelper.py
424 silly gunzTarPerm modified mode [ 'bin/gdata/tlslite/integration/IntegrationHelper.py',
424 silly gunzTarPerm   488,
424 silly gunzTarPerm   492 ]
425 silly gunzTarPerm extractEntry bin/gdata/tlslite/integration/POP3_TLS.py
426 silly gunzTarPerm modified mode [ 'bin/gdata/tlslite/integration/POP3_TLS.py', 488, 492 ]
427 silly gunzTarPerm extractEntry bin/gdata/tlslite/integration/ClientHelper.py
428 silly gunzTarPerm modified mode [ 'bin/gdata/tlslite/integration/ClientHelper.py', 488, 492 ]
429 silly gunzTarPerm extractEntry bin/gdata/tlslite/integration/TLSAsyncDispatcherMixIn.py
430 silly gunzTarPerm modified mode [ 'bin/gdata/tlslite/integration/TLSAsyncDispatcherMixIn.py',
430 silly gunzTarPerm   488,
430 silly gunzTarPerm   492 ]
431 silly gunzTarPerm extractEntry bin/gdata/tlslite/integration/TLSSocketServerMixIn.py
432 silly gunzTarPerm modified mode [ 'bin/gdata/tlslite/integration/TLSSocketServerMixIn.py',
432 silly gunzTarPerm   488,
432 silly gunzTarPerm   492 ]
433 silly gunzTarPerm extractEntry bin/gdata/tlslite/integration/TLSTwistedProtocolWrapper.py
434 silly gunzTarPerm modified mode [ 'bin/gdata/tlslite/integration/TLSTwistedProtocolWrapper.py',
434 silly gunzTarPerm   488,
434 silly gunzTarPerm   492 ]
435 silly gunzTarPerm extractEntry bin/gdata/tlslite/integration/XMLRPCTransport.py
436 silly gunzTarPerm modified mode [ 'bin/gdata/tlslite/integration/XMLRPCTransport.py', 488, 492 ]
437 silly gunzTarPerm extractEntry bin/gdata/tlslite/integration/__init__.py
438 silly gunzTarPerm modified mode [ 'bin/gdata/tlslite/integration/__init__.py', 488, 492 ]
439 silly gunzTarPerm extractEntry bin/gdata/tlslite/mathtls.py
440 silly gunzTarPerm modified mode [ 'bin/gdata/tlslite/mathtls.py', 488, 492 ]
441 silly gunzTarPerm extractEntry bin/gdata/tlslite/messages.py
442 silly gunzTarPerm modified mode [ 'bin/gdata/tlslite/messages.py', 488, 492 ]
443 silly gunzTarPerm extractEntry bin/gdata/tlslite/utils/RC4.py
444 silly gunzTarPerm modified mode [ 'bin/gdata/tlslite/utils/RC4.py', 488, 492 ]
445 silly gunzTarPerm extractEntry bin/gdata/tlslite/utils/AES.py
446 silly gunzTarPerm modified mode [ 'bin/gdata/tlslite/utils/AES.py', 488, 492 ]
447 silly gunzTarPerm extractEntry bin/gdata/tlslite/utils/Cryptlib_AES.py
448 silly gunzTarPerm modified mode [ 'bin/gdata/tlslite/utils/Cryptlib_AES.py', 488, 492 ]
449 silly gunzTarPerm extractEntry bin/gdata/tlslite/utils/Cryptlib_RC4.py
450 silly gunzTarPerm modified mode [ 'bin/gdata/tlslite/utils/Cryptlib_RC4.py', 488, 492 ]
451 silly gunzTarPerm extractEntry bin/gdata/tlslite/utils/Cryptlib_TripleDES.py
452 silly gunzTarPerm modified mode [ 'bin/gdata/tlslite/utils/Cryptlib_TripleDES.py', 488, 492 ]
453 silly gunzTarPerm extractEntry bin/gdata/tlslite/utils/OpenSSL_AES.py
454 silly gunzTarPerm modified mode [ 'bin/gdata/tlslite/utils/OpenSSL_AES.py', 488, 492 ]
455 silly gunzTarPerm extractEntry bin/gdata/tlslite/utils/OpenSSL_RC4.py
456 silly gunzTarPerm modified mode [ 'bin/gdata/tlslite/utils/OpenSSL_RC4.py', 488, 492 ]
457 silly gunzTarPerm extractEntry bin/gdata/tlslite/utils/OpenSSL_RSAKey.py
458 silly gunzTarPerm modified mode [ 'bin/gdata/tlslite/utils/OpenSSL_RSAKey.py', 488, 492 ]
459 silly gunzTarPerm extractEntry bin/gdata/tlslite/utils/OpenSSL_TripleDES.py
460 silly gunzTarPerm modified mode [ 'bin/gdata/tlslite/utils/OpenSSL_TripleDES.py', 488, 492 ]
461 silly gunzTarPerm extractEntry bin/gdata/tlslite/utils/PyCrypto_AES.py
462 silly gunzTarPerm modified mode [ 'bin/gdata/tlslite/utils/PyCrypto_AES.py', 488, 492 ]
463 silly gunzTarPerm extractEntry bin/gdata/tlslite/utils/PyCrypto_RC4.py
464 silly gunzTarPerm modified mode [ 'bin/gdata/tlslite/utils/PyCrypto_RC4.py', 488, 492 ]
465 silly gunzTarPerm extractEntry bin/gdata/tlslite/utils/PyCrypto_RSAKey.py
466 silly gunzTarPerm modified mode [ 'bin/gdata/tlslite/utils/PyCrypto_RSAKey.py', 488, 492 ]
467 silly gunzTarPerm extractEntry bin/gdata/tlslite/utils/PyCrypto_TripleDES.py
468 silly gunzTarPerm modified mode [ 'bin/gdata/tlslite/utils/PyCrypto_TripleDES.py', 488, 492 ]
469 silly gunzTarPerm extractEntry bin/gdata/tlslite/utils/Python_AES.py
470 silly gunzTarPerm modified mode [ 'bin/gdata/tlslite/utils/Python_AES.py', 488, 492 ]
471 silly gunzTarPerm extractEntry bin/gdata/tlslite/utils/Python_RC4.py
472 silly gunzTarPerm modified mode [ 'bin/gdata/tlslite/utils/Python_RC4.py', 488, 492 ]
473 silly gunzTarPerm extractEntry bin/gdata/tlslite/utils/Python_RSAKey.py
474 silly gunzTarPerm modified mode [ 'bin/gdata/tlslite/utils/Python_RSAKey.py', 488, 492 ]
475 silly gunzTarPerm extractEntry bin/gdata/tlslite/utils/ASN1Parser.py
476 silly gunzTarPerm modified mode [ 'bin/gdata/tlslite/utils/ASN1Parser.py', 488, 492 ]
477 silly gunzTarPerm extractEntry bin/gdata/tlslite/utils/RSAKey.py
478 silly gunzTarPerm modified mode [ 'bin/gdata/tlslite/utils/RSAKey.py', 488, 492 ]
479 silly gunzTarPerm extractEntry bin/gdata/tlslite/utils/TripleDES.py
480 silly gunzTarPerm modified mode [ 'bin/gdata/tlslite/utils/TripleDES.py', 488, 492 ]
481 silly gunzTarPerm extractEntry bin/gdata/tlslite/utils/__init__.py
482 silly gunzTarPerm modified mode [ 'bin/gdata/tlslite/utils/__init__.py', 488, 492 ]
483 silly gunzTarPerm extractEntry bin/gdata/tlslite/utils/cipherfactory.py
484 silly gunzTarPerm modified mode [ 'bin/gdata/tlslite/utils/cipherfactory.py', 488, 492 ]
485 silly gunzTarPerm extractEntry bin/gdata/tlslite/utils/codec.py
486 silly gunzTarPerm modified mode [ 'bin/gdata/tlslite/utils/codec.py', 488, 492 ]
487 silly gunzTarPerm extractEntry bin/gdata/tlslite/utils/compat.py
488 silly gunzTarPerm modified mode [ 'bin/gdata/tlslite/utils/compat.py', 488, 492 ]
489 silly gunzTarPerm extractEntry bin/gdata/tlslite/utils/cryptomath.py
490 silly gunzTarPerm modified mode [ 'bin/gdata/tlslite/utils/cryptomath.py', 488, 492 ]
491 silly gunzTarPerm extractEntry bin/gdata/tlslite/utils/dateFuncs.py
492 silly gunzTarPerm modified mode [ 'bin/gdata/tlslite/utils/dateFuncs.py', 488, 492 ]
493 silly gunzTarPerm extractEntry bin/gdata/tlslite/utils/entropy.c
494 silly gunzTarPerm modified mode [ 'bin/gdata/tlslite/utils/entropy.c', 488, 492 ]
495 silly gunzTarPerm extractEntry bin/gdata/tlslite/utils/hmac.py
496 silly gunzTarPerm modified mode [ 'bin/gdata/tlslite/utils/hmac.py', 488, 492 ]
497 silly gunzTarPerm extractEntry bin/gdata/tlslite/utils/jython_compat.py
498 silly gunzTarPerm modified mode [ 'bin/gdata/tlslite/utils/jython_compat.py', 488, 492 ]
499 silly gunzTarPerm extractEntry bin/gdata/tlslite/utils/keyfactory.py
500 silly gunzTarPerm modified mode [ 'bin/gdata/tlslite/utils/keyfactory.py', 488, 492 ]
501 silly gunzTarPerm extractEntry bin/gdata/tlslite/utils/rijndael.py
502 silly gunzTarPerm modified mode [ 'bin/gdata/tlslite/utils/rijndael.py', 488, 492 ]
503 silly gunzTarPerm extractEntry bin/gdata/tlslite/utils/win32prng.c
504 silly gunzTarPerm modified mode [ 'bin/gdata/tlslite/utils/win32prng.c', 488, 492 ]
505 silly gunzTarPerm extractEntry bin/gdata/tlslite/utils/xmltools.py
506 silly gunzTarPerm modified mode [ 'bin/gdata/tlslite/utils/xmltools.py', 488, 492 ]
507 silly gunzTarPerm extractEntry bin/gdata/urlfetch.py
508 silly gunzTarPerm modified mode [ 'bin/gdata/urlfetch.py', 416, 420 ]
509 silly gunzTarPerm extractEntry bin/gdata/webmastertools/__init__.py
510 silly gunzTarPerm modified mode [ 'bin/gdata/webmastertools/__init__.py', 416, 420 ]
511 silly gunzTarPerm extractEntry bin/gdata/webmastertools/data.py
512 silly gunzTarPerm modified mode [ 'bin/gdata/webmastertools/data.py', 416, 420 ]
513 silly gunzTarPerm extractEntry bin/gdata/webmastertools/service.py
514 silly gunzTarPerm modified mode [ 'bin/gdata/webmastertools/service.py', 416, 420 ]
515 silly gunzTarPerm extractEntry bin/gdata/youtube/__init__.py
516 silly gunzTarPerm modified mode [ 'bin/gdata/youtube/__init__.py', 488, 492 ]
517 silly gunzTarPerm extractEntry bin/gdata/youtube/client.py
518 silly gunzTarPerm modified mode [ 'bin/gdata/youtube/client.py', 416, 420 ]
519 silly gunzTarPerm extractEntry bin/gdata/youtube/data.py
520 silly gunzTarPerm modified mode [ 'bin/gdata/youtube/data.py', 416, 420 ]
521 silly gunzTarPerm extractEntry bin/gdata/youtube/service.py
522 silly gunzTarPerm modified mode [ 'bin/gdata/youtube/service.py', 416, 420 ]
523 silly gunzTarPerm extractEntry bin/gdrive.py
524 silly lockFile 2f69798c-85162-0-8728177684824914-package tar:///var/folders/df/04cdpyr97xs29k5_6ht188tm0000gn/T/npm-24188-8X9NVMuu/1393863285162-0.8728177684824914/package
525 silly lockFile 2f69798c-85162-0-8728177684824914-package tar:///var/folders/df/04cdpyr97xs29k5_6ht188tm0000gn/T/npm-24188-8X9NVMuu/1393863285162-0.8728177684824914/package
526 silly lockFile bffbfba3-85162-0-8728177684824914-tmp-tgz tar:///var/folders/df/04cdpyr97xs29k5_6ht188tm0000gn/T/npm-24188-8X9NVMuu/1393863285162-0.8728177684824914/tmp.tgz
527 silly lockFile bffbfba3-85162-0-8728177684824914-tmp-tgz tar:///var/folders/df/04cdpyr97xs29k5_6ht188tm0000gn/T/npm-24188-8X9NVMuu/1393863285162-0.8728177684824914/tmp.tgz
528 verbose tar pack [ '/Users/Apple/.npm/GoogleBeam/0.0.1/package.tgz',
528 verbose tar pack   '/var/folders/df/04cdpyr97xs29k5_6ht188tm0000gn/T/npm-24188-8X9NVMuu/1393863285162-0.8728177684824914/package' ]
529 verbose tarball /Users/Apple/.npm/GoogleBeam/0.0.1/package.tgz
530 verbose folder /var/folders/df/04cdpyr97xs29k5_6ht188tm0000gn/T/npm-24188-8X9NVMuu/1393863285162-0.8728177684824914/package
531 silly lockFile 2f69798c-85162-0-8728177684824914-package tar:///var/folders/df/04cdpyr97xs29k5_6ht188tm0000gn/T/npm-24188-8X9NVMuu/1393863285162-0.8728177684824914/package
532 verbose lock tar:///var/folders/df/04cdpyr97xs29k5_6ht188tm0000gn/T/npm-24188-8X9NVMuu/1393863285162-0.8728177684824914/package /Users/Apple/.npm/2f69798c-85162-0-8728177684824914-package.lock
533 silly lockFile ed5e5a2c-npm-GoogleBeam-0-0-1-package-tgz tar:///Users/Apple/.npm/GoogleBeam/0.0.1/package.tgz
534 verbose lock tar:///Users/Apple/.npm/GoogleBeam/0.0.1/package.tgz /Users/Apple/.npm/ed5e5a2c-npm-GoogleBeam-0-0-1-package-tgz.lock
535 silly lockFile 2f69798c-85162-0-8728177684824914-package tar:///var/folders/df/04cdpyr97xs29k5_6ht188tm0000gn/T/npm-24188-8X9NVMuu/1393863285162-0.8728177684824914/package
536 silly lockFile 2f69798c-85162-0-8728177684824914-package tar:///var/folders/df/04cdpyr97xs29k5_6ht188tm0000gn/T/npm-24188-8X9NVMuu/1393863285162-0.8728177684824914/package
537 silly lockFile ed5e5a2c-npm-GoogleBeam-0-0-1-package-tgz tar:///Users/Apple/.npm/GoogleBeam/0.0.1/package.tgz
538 silly lockFile ed5e5a2c-npm-GoogleBeam-0-0-1-package-tgz tar:///Users/Apple/.npm/GoogleBeam/0.0.1/package.tgz
539 silly lockFile 4c592d60-ple-npm-GoogleBeam-0-0-1-package /Users/Apple/.npm/GoogleBeam/0.0.1/package
540 verbose lock /Users/Apple/.npm/GoogleBeam/0.0.1/package /Users/Apple/.npm/4c592d60-ple-npm-GoogleBeam-0-0-1-package.lock
541 silly lockFile 4c592d60-ple-npm-GoogleBeam-0-0-1-package /Users/Apple/.npm/GoogleBeam/0.0.1/package
542 silly lockFile 4c592d60-ple-npm-GoogleBeam-0-0-1-package /Users/Apple/.npm/GoogleBeam/0.0.1/package
543 verbose tar unpack /Users/Apple/.npm/GoogleBeam/0.0.1/package.tgz
544 silly lockFile 9bc3409e-ple-npm-GoogleBeam-0-0-1-package tar:///Users/Apple/.npm/GoogleBeam/0.0.1/package
545 verbose lock tar:///Users/Apple/.npm/GoogleBeam/0.0.1/package /Users/Apple/.npm/9bc3409e-ple-npm-GoogleBeam-0-0-1-package.lock
546 silly lockFile ed5e5a2c-npm-GoogleBeam-0-0-1-package-tgz tar:///Users/Apple/.npm/GoogleBeam/0.0.1/package.tgz
547 verbose lock tar:///Users/Apple/.npm/GoogleBeam/0.0.1/package.tgz /Users/Apple/.npm/ed5e5a2c-npm-GoogleBeam-0-0-1-package-tgz.lock
548 silly gunzTarPerm modes [ '755', '644' ]
549 silly gunzTarPerm extractEntry package.json
550 silly gunzTarPerm extractEntry .npmignore
551 silly gunzTarPerm extractEntry README.md
552 silly gunzTarPerm extractEntry app.js
553 silly gunzTarPerm extractEntry config.js
554 silly gunzTarPerm extractEntry controller.js
555 silly gunzTarPerm extractEntry twitter_update_with_media.js
556 silly gunzTarPerm extractEntry bin/atom/http.py
557 silly gunzTarPerm extractEntry bin/atom/__init__.py
558 silly gunzTarPerm extractEntry bin/atom/auth.py
559 silly gunzTarPerm extractEntry bin/atom/client.py
560 silly gunzTarPerm extractEntry bin/atom/client.pyc
561 silly gunzTarPerm extractEntry bin/atom/core.py
562 silly gunzTarPerm extractEntry bin/atom/core.pyc
563 silly gunzTarPerm extractEntry bin/atom/data.py
564 silly gunzTarPerm extractEntry bin/atom/data.pyc
565 silly gunzTarPerm extractEntry bin/atom/__init__.pyc
566 silly gunzTarPerm extractEntry bin/atom/http_core.py
567 silly gunzTarPerm extractEntry bin/atom/http_core.pyc
568 silly gunzTarPerm extractEntry bin/atom/http_interface.py
569 silly gunzTarPerm extractEntry bin/atom/mock_http.py
570 silly gunzTarPerm extractEntry bin/atom/mock_http_core.py
571 silly gunzTarPerm extractEntry bin/atom/mock_service.py
572 silly gunzTarPerm extractEntry bin/atom/service.py
573 silly gunzTarPerm extractEntry bin/atom/token_store.py
574 silly gunzTarPerm extractEntry bin/atom/url.py
575 silly gunzTarPerm extractEntry bin/gdata/exif/__init__.py
576 silly gunzTarPerm extractEntry bin/gdata/Crypto/Cipher/DES.pyd
577 silly gunzTarPerm extractEntry bin/gdata/Crypto/Cipher/AES.pyd
578 silly gunzTarPerm extractEntry bin/gdata/Crypto/Cipher/ARC4.pyd
579 silly gunzTarPerm extractEntry bin/gdata/Crypto/Cipher/Blowfish.pyd
580 silly gunzTarPerm extractEntry bin/gdata/Crypto/Cipher/CAST.pyd
581 silly gunzTarPerm extractEntry bin/gdata/Crypto/Cipher/ARC2.pyd
582 silly gunzTarPerm extractEntry bin/gdata/Crypto/Cipher/DES3.pyd
583 silly gunzTarPerm extractEntry bin/gdata/Crypto/Cipher/IDEA.pyd
584 silly gunzTarPerm extractEntry bin/gdata/Crypto/Cipher/RC5.pyd
585 silly gunzTarPerm extractEntry bin/gdata/Crypto/Cipher/XOR.pyd
586 silly gunzTarPerm extractEntry bin/gdata/Crypto/Cipher/__init__.py
587 silly gunzTarPerm extractEntry bin/gdata/Crypto/Hash/HMAC.py
588 silly gunzTarPerm extractEntry bin/gdata/Crypto/Hash/MD2.pyd
589 silly gunzTarPerm extractEntry bin/gdata/Crypto/Hash/MD4.pyd
590 silly gunzTarPerm extractEntry bin/gdata/Crypto/Hash/MD5.py
591 silly gunzTarPerm extractEntry bin/gdata/Crypto/Hash/RIPEMD.pyd
592 silly gunzTarPerm extractEntry bin/gdata/Crypto/Hash/SHA.py
593 silly gunzTarPerm extractEntry bin/gdata/Crypto/Hash/SHA256.pyd
594 silly gunzTarPerm extractEntry bin/gdata/Crypto/Hash/__init__.py
595 silly gunzTarPerm extractEntry bin/gdata/Crypto/Protocol/AllOrNothing.py
596 silly gunzTarPerm extractEntry bin/gdata/Crypto/Protocol/Chaffing.py
597 silly gunzTarPerm extractEntry bin/gdata/Crypto/Protocol/__init__.py
598 silly gunzTarPerm extractEntry bin/gdata/Crypto/PublicKey/DSA.py
599 silly gunzTarPerm extractEntry bin/gdata/Crypto/PublicKey/ElGamal.py
600 silly gunzTarPerm extractEntry bin/gdata/Crypto/PublicKey/RSA.py
601 silly gunzTarPerm extractEntry bin/gdata/Crypto/PublicKey/__init__.py
602 silly gunzTarPerm extractEntry bin/gdata/Crypto/PublicKey/pubkey.py
603 silly gunzTarPerm extractEntry bin/gdata/Crypto/PublicKey/qNEW.py
604 silly gunzTarPerm extractEntry bin/gdata/Crypto/Util/RFC1751.py
605 silly gunzTarPerm extractEntry bin/gdata/Crypto/Util/__init__.py
606 silly gunzTarPerm extractEntry bin/gdata/Crypto/Util/number.py
607 silly gunzTarPerm extractEntry bin/gdata/Crypto/Util/randpool.py
608 silly gunzTarPerm extractEntry bin/gdata/Crypto/Util/test.py
609 silly gunzTarPerm extractEntry bin/gdata/Crypto/__init__.py
610 silly gunzTarPerm extractEntry bin/gdata/Crypto/test.py
611 silly gunzTarPerm extractEntry bin/gdata/__init__.pyc
612 silly gunzTarPerm extractEntry bin/gdata/acl/__init__.py
613 silly gunzTarPerm extractEntry bin/gdata/acl/__init__.pyc
614 silly gunzTarPerm extractEntry bin/gdata/acl/data.py
615 silly gunzTarPerm extractEntry bin/gdata/acl/data.pyc
616 silly gunzTarPerm extractEntry bin/gdata/alt/__init__.py
617 silly gunzTarPerm extractEntry bin/gdata/alt/app_engine.py
618 silly gunzTarPerm extractEntry bin/gdata/alt/appengine.py
619 silly gunzTarPerm extractEntry bin/gdata/analytics/__init__.py
620 silly gunzTarPerm extractEntry bin/gdata/analytics/client.py
621 silly gunzTarPerm extractEntry bin/gdata/analytics/data.py
622 silly gunzTarPerm extractEntry bin/gdata/analytics/service.py
623 silly gunzTarPerm extractEntry bin/gdata/apps/emailsettings/__init__.py
624 silly gunzTarPerm extractEntry bin/gdata/apps/emailsettings/client.py
625 silly gunzTarPerm extractEntry bin/gdata/apps/emailsettings/data.py
626 silly gunzTarPerm extractEntry bin/gdata/apps/emailsettings/service.py
627 silly gunzTarPerm extractEntry bin/gdata/apps/__init__.py
628 silly gunzTarPerm extractEntry bin/gdata/apps/apps_property_entry.py
629 silly gunzTarPerm extractEntry bin/gdata/apps/audit/__init__.py
630 silly gunzTarPerm extractEntry bin/gdata/apps/audit/service.py
631 silly gunzTarPerm extractEntry bin/gdata/apps/client.py
632 silly gunzTarPerm extractEntry bin/gdata/apps/data.py
633 silly gunzTarPerm extractEntry bin/gdata/apps/adminsettings/__init__.py
634 silly gunzTarPerm extractEntry bin/gdata/apps/adminsettings/service.py
635 silly gunzTarPerm extractEntry bin/gdata/apps/groups/__init__.py
636 silly gunzTarPerm extractEntry bin/gdata/apps/groups/client.py
637 silly gunzTarPerm extractEntry bin/gdata/apps/groups/data.py
638 silly gunzTarPerm extractEntry bin/gdata/apps/groups/service.py
639 silly gunzTarPerm extractEntry bin/gdata/apps/migration/__init__.py
640 silly gunzTarPerm extractEntry bin/gdata/apps/migration/service.py
641 silly gunzTarPerm extractEntry bin/gdata/apps/multidomain/__init__.py
642 silly gunzTarPerm extractEntry bin/gdata/apps/multidomain/client.py
643 silly gunzTarPerm extractEntry bin/gdata/apps/multidomain/data.py
644 silly gunzTarPerm extractEntry bin/gdata/apps/organization/__init__.py
645 silly gunzTarPerm extractEntry bin/gdata/apps/organization/client.py
646 silly gunzTarPerm extractEntry bin/gdata/apps/organization/data.py
647 silly gunzTarPerm extractEntry bin/gdata/apps/organization/service.py
648 silly gunzTarPerm extractEntry bin/gdata/apps/service.py
649 silly gunzTarPerm extractEntry bin/gdata/apps_property.py
650 silly gunzTarPerm extractEntry bin/gdata/auth.py
651 silly gunzTarPerm extractEntry bin/gdata/blogger/__init__.py
652 silly gunzTarPerm extractEntry bin/gdata/blogger/client.py
653 silly gunzTarPerm extractEntry bin/gdata/blogger/data.py
654 silly gunzTarPerm extractEntry bin/gdata/blogger/service.py
655 silly gunzTarPerm extractEntry bin/gdata/books/__init__.py
656 silly gunzTarPerm extractEntry bin/gdata/books/data.py
657 silly gunzTarPerm extractEntry bin/gdata/books/service.py
658 silly gunzTarPerm extractEntry bin/gdata/calendar/__init__.py
659 silly gunzTarPerm extractEntry bin/gdata/calendar/client.py
660 silly gunzTarPerm extractEntry bin/gdata/calendar/data.py
661 silly gunzTarPerm extractEntry bin/gdata/calendar/service.py
662 silly gunzTarPerm extractEntry bin/gdata/calendar_resource/__init__.py
663 silly gunzTarPerm extractEntry bin/gdata/calendar_resource/client.py
664 silly gunzTarPerm extractEntry bin/gdata/calendar_resource/data.py
665 silly gunzTarPerm extractEntry bin/gdata/client.py
666 silly gunzTarPerm extractEntry bin/gdata/client.pyc
667 silly gunzTarPerm extractEntry bin/gdata/codesearch/__init__.py
668 silly gunzTarPerm extractEntry bin/gdata/codesearch/service.py
669 silly gunzTarPerm extractEntry bin/gdata/contacts/__init__.py
670 silly gunzTarPerm extractEntry bin/gdata/contacts/client.py
671 silly gunzTarPerm extractEntry bin/gdata/contacts/data.py
672 silly gunzTarPerm extractEntry bin/gdata/contacts/service.py
673 silly gunzTarPerm extractEntry bin/gdata/contentforshopping/__init__.py
674 silly gunzTarPerm extractEntry bin/gdata/contentforshopping/client.py
675 silly gunzTarPerm extractEntry bin/gdata/contentforshopping/data.py
676 silly gunzTarPerm extractEntry bin/gdata/core.py
677 silly gunzTarPerm extractEntry bin/gdata/data.py
678 silly gunzTarPerm extractEntry bin/gdata/data.pyc
679 silly gunzTarPerm extractEntry bin/gdata/docs/__init__.py
680 silly gunzTarPerm extractEntry bin/gdata/docs/__init__.pyc
681 silly gunzTarPerm extractEntry bin/gdata/docs/client.py
682 silly gunzTarPerm extractEntry bin/gdata/docs/client.pyc
683 silly gunzTarPerm extractEntry bin/gdata/docs/data.py
684 silly gunzTarPerm extractEntry bin/gdata/docs/data.pyc
685 silly gunzTarPerm extractEntry bin/gdata/docs/service.py
686 silly gunzTarPerm extractEntry bin/gdata/dublincore/__init__.py
687 silly gunzTarPerm extractEntry bin/gdata/dublincore/data.py
688 silly gunzTarPerm extractEntry bin/gdata/__init__.py
689 silly gunzTarPerm extractEntry bin/gdata/finance/__init__.py
690 silly gunzTarPerm extractEntry bin/gdata/finance/data.py
691 silly gunzTarPerm extractEntry bin/gdata/finance/service.py
692 silly gunzTarPerm extractEntry bin/gdata/gauth.py
693 silly gunzTarPerm extractEntry bin/gdata/gauth.pyc
694 silly gunzTarPerm extractEntry bin/gdata/geo/__init__.py
695 silly gunzTarPerm extractEntry bin/gdata/geo/data.py
696 silly gunzTarPerm extractEntry bin/gdata/health/__init__.py
697 silly gunzTarPerm extractEntry bin/gdata/health/service.py
698 silly gunzTarPerm extractEntry bin/gdata/marketplace/__init__.py
699 silly gunzTarPerm extractEntry bin/gdata/marketplace/client.py
700 silly gunzTarPerm extractEntry bin/gdata/marketplace/data.py
701 silly gunzTarPerm extractEntry bin/gdata/media/__init__.py
702 silly gunzTarPerm extractEntry bin/gdata/media/data.py
703 silly gunzTarPerm extractEntry bin/gdata/notebook/__init__.py
704 silly gunzTarPerm extractEntry bin/gdata/notebook/data.py
705 silly gunzTarPerm extractEntry bin/gdata/oauth/CHANGES.txt
706 silly gunzTarPerm extractEntry bin/gdata/oauth/__init__.py
707 silly gunzTarPerm extractEntry bin/gdata/oauth/rsa.py
708 silly gunzTarPerm extractEntry bin/gdata/opensearch/__init__.py
709 silly gunzTarPerm extractEntry bin/gdata/opensearch/__init__.pyc
710 silly gunzTarPerm extractEntry bin/gdata/opensearch/data.py
711 silly gunzTarPerm extractEntry bin/gdata/opensearch/data.pyc
712 silly gunzTarPerm extractEntry bin/gdata/photos/__init__.py
713 silly gunzTarPerm extractEntry bin/gdata/photos/service.py
714 silly gunzTarPerm extractEntry bin/gdata/projecthosting/__init__.py
715 silly gunzTarPerm extractEntry bin/gdata/projecthosting/client.py
716 silly gunzTarPerm extractEntry bin/gdata/projecthosting/data.py
717 silly gunzTarPerm extractEntry bin/gdata/sample_util.py
718 silly gunzTarPerm extractEntry bin/gdata/service.py
719 silly gunzTarPerm extractEntry bin/gdata/sites/__init__.py
720 silly gunzTarPerm extractEntry bin/gdata/sites/client.py
721 silly gunzTarPerm extractEntry bin/gdata/sites/data.py
722 silly gunzTarPerm extractEntry bin/gdata/spreadsheet/__init__.py
723 silly gunzTarPerm extractEntry bin/gdata/spreadsheet/service.py
724 silly gunzTarPerm extractEntry bin/gdata/spreadsheet/text_db.py
725 silly gunzTarPerm extractEntry bin/gdata/spreadsheets/__init__.py
726 silly gunzTarPerm extractEntry bin/gdata/spreadsheets/client.py
727 silly gunzTarPerm extractEntry bin/gdata/spreadsheets/data.py
728 silly gunzTarPerm extractEntry bin/gdata/test_config.py
729 silly gunzTarPerm extractEntry bin/gdata/test_data.py
730 silly gunzTarPerm extractEntry bin/gdata/tlslite/X509.py
731 silly gunzTarPerm extractEntry bin/gdata/tlslite/BaseDB.py
732 silly gunzTarPerm extractEntry bin/gdata/tlslite/FileObject.py
733 silly gunzTarPerm extractEntry bin/gdata/tlslite/HandshakeSettings.py
734 silly gunzTarPerm extractEntry bin/gdata/tlslite/Session.py
735 silly gunzTarPerm extractEntry bin/gdata/tlslite/SessionCache.py
736 silly gunzTarPerm extractEntry bin/gdata/tlslite/SharedKeyDB.py
737 silly gunzTarPerm extractEntry bin/gdata/tlslite/TLSConnection.py
738 silly gunzTarPerm extractEntry bin/gdata/tlslite/TLSRecordLayer.py
739 silly gunzTarPerm extractEntry bin/gdata/tlslite/VerifierDB.py
740 silly gunzTarPerm extractEntry bin/gdata/tlslite/Checker.py
741 silly gunzTarPerm extractEntry bin/gdata/tlslite/X509CertChain.py
742 silly gunzTarPerm extractEntry bin/gdata/tlslite/__init__.py
743 silly gunzTarPerm extractEntry bin/gdata/tlslite/api.py
744 silly gunzTarPerm extractEntry bin/gdata/tlslite/constants.py
745 silly gunzTarPerm extractEntry bin/gdata/tlslite/errors.py
746 silly gunzTarPerm extractEntry bin/gdata/tlslite/integration/SMTP_TLS.py
747 silly gunzTarPerm extractEntry bin/gdata/tlslite/integration/AsyncStateMachine.py
748 silly gunzTarPerm extractEntry bin/gdata/tlslite/integration/HTTPTLSConnection.py
749 silly gunzTarPerm extractEntry bin/gdata/tlslite/integration/IMAP4_TLS.py
750 silly gunzTarPerm extractEntry bin/gdata/tlslite/integration/IntegrationHelper.py
751 silly gunzTarPerm extractEntry bin/gdata/tlslite/integration/POP3_TLS.py
752 silly gunzTarPerm extractEntry bin/gdata/tlslite/integration/ClientHelper.py
753 silly gunzTarPerm extractEntry bin/gdata/tlslite/integration/TLSAsyncDispatcherMixIn.py
754 silly gunzTarPerm extractEntry bin/gdata/tlslite/integration/TLSSocketServerMixIn.py
755 silly gunzTarPerm extractEntry bin/gdata/tlslite/integration/TLSTwistedProtocolWrapper.py
756 silly gunzTarPerm extractEntry bin/gdata/tlslite/integration/XMLRPCTransport.py
757 silly gunzTarPerm extractEntry bin/gdata/tlslite/integration/__init__.py
758 silly gunzTarPerm extractEntry bin/gdata/tlslite/mathtls.py
759 silly gunzTarPerm extractEntry bin/gdata/tlslite/messages.py
760 silly gunzTarPerm extractEntry bin/gdata/tlslite/utils/RC4.py
761 silly gunzTarPerm extractEntry bin/gdata/tlslite/utils/AES.py
762 silly gunzTarPerm extractEntry bin/gdata/tlslite/utils/Cryptlib_AES.py
763 silly gunzTarPerm extractEntry bin/gdata/tlslite/utils/Cryptlib_RC4.py
764 silly gunzTarPerm extractEntry bin/gdata/tlslite/utils/Cryptlib_TripleDES.py
765 silly gunzTarPerm extractEntry bin/gdata/tlslite/utils/OpenSSL_AES.py
766 silly gunzTarPerm extractEntry bin/gdata/tlslite/utils/OpenSSL_RC4.py
767 silly gunzTarPerm extractEntry bin/gdata/tlslite/utils/OpenSSL_RSAKey.py
768 silly gunzTarPerm extractEntry bin/gdata/tlslite/utils/OpenSSL_TripleDES.py
769 silly gunzTarPerm extractEntry bin/gdata/tlslite/utils/PyCrypto_AES.py
770 silly gunzTarPerm extractEntry bin/gdata/tlslite/utils/PyCrypto_RC4.py
771 silly gunzTarPerm extractEntry bin/gdata/tlslite/utils/PyCrypto_RSAKey.py
772 silly gunzTarPerm extractEntry bin/gdata/tlslite/utils/PyCrypto_TripleDES.py
773 silly gunzTarPerm extractEntry bin/gdata/tlslite/utils/Python_AES.py
774 silly gunzTarPerm extractEntry bin/gdata/tlslite/utils/Python_RC4.py
775 silly gunzTarPerm extractEntry bin/gdata/tlslite/utils/Python_RSAKey.py
776 silly gunzTarPerm extractEntry bin/gdata/tlslite/utils/ASN1Parser.py
777 silly gunzTarPerm extractEntry bin/gdata/tlslite/utils/RSAKey.py
778 silly gunzTarPerm extractEntry bin/gdata/tlslite/utils/TripleDES.py
779 silly gunzTarPerm extractEntry bin/gdata/tlslite/utils/__init__.py
780 silly gunzTarPerm extractEntry bin/gdata/tlslite/utils/cipherfactory.py
781 silly gunzTarPerm extractEntry bin/gdata/tlslite/utils/codec.py
782 silly gunzTarPerm extractEntry bin/gdata/tlslite/utils/compat.py
783 silly gunzTarPerm extractEntry bin/gdata/tlslite/utils/cryptomath.py
784 silly gunzTarPerm extractEntry bin/gdata/tlslite/utils/dateFuncs.py
785 silly gunzTarPerm extractEntry bin/gdata/tlslite/utils/entropy.c
786 silly gunzTarPerm extractEntry bin/gdata/tlslite/utils/hmac.py
787 silly gunzTarPerm extractEntry bin/gdata/tlslite/utils/jython_compat.py
788 silly gunzTarPerm extractEntry bin/gdata/tlslite/utils/keyfactory.py
789 silly gunzTarPerm extractEntry bin/gdata/tlslite/utils/rijndael.py
790 silly gunzTarPerm extractEntry bin/gdata/tlslite/utils/win32prng.c
791 silly gunzTarPerm extractEntry bin/gdata/tlslite/utils/xmltools.py
792 silly gunzTarPerm extractEntry bin/gdata/urlfetch.py
793 silly gunzTarPerm extractEntry bin/gdata/webmastertools/__init__.py
794 silly gunzTarPerm extractEntry bin/gdata/webmastertools/data.py
795 silly gunzTarPerm extractEntry bin/gdata/webmastertools/service.py
796 silly gunzTarPerm extractEntry bin/gdata/youtube/__init__.py
797 silly gunzTarPerm extractEntry bin/gdata/youtube/client.py
798 silly gunzTarPerm extractEntry bin/gdata/youtube/data.py
799 silly gunzTarPerm extractEntry bin/gdata/youtube/service.py
800 silly gunzTarPerm extractEntry bin/gdrive.py
801 silly lockFile 9bc3409e-ple-npm-GoogleBeam-0-0-1-package tar:///Users/Apple/.npm/GoogleBeam/0.0.1/package
802 silly lockFile 9bc3409e-ple-npm-GoogleBeam-0-0-1-package tar:///Users/Apple/.npm/GoogleBeam/0.0.1/package
803 silly lockFile ed5e5a2c-npm-GoogleBeam-0-0-1-package-tgz tar:///Users/Apple/.npm/GoogleBeam/0.0.1/package.tgz
804 silly lockFile ed5e5a2c-npm-GoogleBeam-0-0-1-package-tgz tar:///Users/Apple/.npm/GoogleBeam/0.0.1/package.tgz
805 verbose chmod /Users/Apple/.npm/GoogleBeam/0.0.1/package.tgz 644
806 verbose chown /Users/Apple/.npm/GoogleBeam/0.0.1/package.tgz [ 501, 20 ]
807 silly lockFile 3a52ce78- .
808 silly lockFile 3a52ce78- .
809 silly publish { name: 'GoogleBeam',
809 silly publish   version: '0.0.1',
809 silly publish   description: 'Controll Raspberry Pi connected Camera via Tweets and upload images to Google Drive.',
809 silly publish   author: { name: 'Donald Derek', email: 'donaldderek.haddad@gmail.com' },
809 silly publish   contributors:
809 silly publish    [ { name: 'Donald Derek', email: 'donaldderek.haddad@gmail.com' },
809 silly publish      { name: 'Raghd Hamzeh', email: 'raghd@rhamzeh.com' } ],
809 silly publish   private: false,
809 silly publish   scripts: { start: 'node app.js' },
809 silly publish   keywords:
809 silly publish    [ 'RaspberryPi',
809 silly publish      'RaspberryPi Camera',
809 silly publish      'rPi',
809 silly publish      'Twitter Bot',
809 silly publish      'Remote Cam',
809 silly publish      'Google Drive' ],
809 silly publish   dependencies: { request: '*', ntwitter: '*' },
809 silly publish   repository: { type: 'git', url: 'git://github.com/DonaldDerek/GoogleBeam' },
809 silly publish   license: 'MIT',
809 silly publish   readmeFilename: 'README.md',
809 silly publish   readme: 'GoogleBeam\n==========\n\nOrder your Raspberry Pi to capture images and upload them to your Google Drive account via Tweeting specific Hashtags. Built for the Arabnet Code and Design Day\n\n### Hastags\n\n+ #GBeamCam : Will order the pi to capture and image and upload it to Twitter\n+ #GBeamSave : Will order the pi to capture an image and upload it to Google Drive\n\n### Configuration:\n\nEdit the config.js file with your credentials and tokens. Keep it confidential\n\n```\n\tntwitter:{\n\t\tconsumer_key: \'YOUR_CONSUMER_KEY\',\n\t\tconsumer_secret: \'YOUR_CONSUMER_SECRET\',\n\t\taccess_token_key: \'ACCESS_TOKEN\',\n\t\taccess_token_secret: \'ACCESS_TOKEN_SECRET\'\n\t},\n\ttumw:{\n\t\tconsumer_key: \'YOUR_CONSUMER_KEY\',\n\t\tconsumer_secret: \'YOUR_CONSUMER_SECRET\',\n\t\ttoken: \'ACCESS_TOKEN\',\n\t\ttoken_secret: \'ACCESS_TOKEN_SECRET\'\n\t},\n\tdrive:{\n\t\tusername: \'YOU_USERNAME\',\n\t\tpassword: \'YOUR_PASSWORD\'\n\t}\n```\n\n###Installation\n\n```\n  npm install googlebeam\n```\n\n###Contributors\n+ [Raghd Hamzeh](https://github.com/rhamzeh)\n+ [Donald Derek](https://github.com/DonaldDerek)\n\n### License\n\n(The MIT License)\n\nCopyright (c) 2014 Donald Derek Haddad, Kifah Daher. \n\nPermission is hereby granted, free of charge, to any person obtaining a copy of this software and associated documentation files (the \'Software\'), to deal in the Software without restriction, including without limitation the rights to use, copy, modify, merge, publish, distribute, sublicense, and/or sell copies of the Software, and to permit persons to whom the Software is furnished to do so, subject to the following conditions:\n\nThe above copyright notice and this permission notice shall be included in all copies or substantial portions of the Software.\n\nTHE SOFTWARE IS PROVIDED \'AS IS\', WITHOUT WARRANTY OF ANY KIND, EXPRESS OR IMPLIED, INCLUDING BUT NOT LIMITED TO THE WARRANTIES OF MERCHANTABILITY, FITNESS FOR A PARTICULAR PURPOSE AND NONINFRINGEMENT. IN NO EVENT SHALL THE AUTHORS OR COPYRIGHT HOLDERS BE LIABLE FOR ANY CLAIM, DAMAGES OR OTHER LIABILITY, WHETHER IN AN ACTION OF CONTRACT, TORT OR OTHERWISE, ARISING FROM, OUT OF OR IN CONNECTION WITH THE SOFTWARE OR THE USE OR OTHER DEALINGS IN THE SOFTWARE.\n\n\n',
809 silly publish   bugs: { url: 'https://github.com/DonaldDerek/GoogleBeam/issues' },
809 silly publish   _id: 'GoogleBeam@0.0.1',
809 silly publish   dist: { shasum: '95e74395e5560d7ba29b93a8f6e4b9c7ae531ea7' },
809 silly publish   _from: '.' }
810 verbose url raw GoogleBeam
811 verbose url resolving [ 'https://registry.npmjs.org/', './GoogleBeam' ]
812 verbose url resolved https://registry.npmjs.org/GoogleBeam
813 info trying registry request attempt 1 at 18:14:47
814 http PUT https://registry.npmjs.org/GoogleBeam
815 http 403 https://registry.npmjs.org/GoogleBeam
816 info trying registry request attempt 1 at 18:14:49
817 http PUT https://registry.npmjs.org/GoogleBeam
818 http 403 https://registry.npmjs.org/GoogleBeam
819 error publish Failed PUT response 403
820 error Error: forbidden New packages must have all-lowercase names: GoogleBeam
820 error     at RegClient.<anonymous> (/usr/local/Cellar/node/0.10.15/lib/node_modules/npm/node_modules/npm-registry-client/lib/request.js:272:14)
820 error     at Request.self.callback (/usr/local/Cellar/node/0.10.15/lib/node_modules/npm/node_modules/request/index.js:148:22)
820 error     at Request.EventEmitter.emit (events.js:98:17)
820 error     at Request.<anonymous> (/usr/local/Cellar/node/0.10.15/lib/node_modules/npm/node_modules/request/index.js:891:14)
820 error     at Request.EventEmitter.emit (events.js:117:20)
820 error     at IncomingMessage.<anonymous> (/usr/local/Cellar/node/0.10.15/lib/node_modules/npm/node_modules/request/index.js:842:12)
820 error     at IncomingMessage.EventEmitter.emit (events.js:117:20)
820 error     at _stream_readable.js:920:16
820 error     at process._tickCallback (node.js:415:13)
821 error If you need help, you may report this log at:
821 error     <http://github.com/isaacs/npm/issues>
821 error or email it to:
821 error     <npm-@googlegroups.com>
822 error System Darwin 13.0.0
823 error command "/usr/local/bin/node" "/usr/local/bin/npm" "publish"
824 error cwd /Users/Apple/nodeapps/GoogleBeam
825 error node -v v0.10.17
826 error npm -v 1.3.8
827 verbose exit [ 1, true ]
